<?xml version="1.0" encoding="UTF-8"?>
<archive version="1.0">
</archive>