<?xml version="1.0" encoding="UTF-8"?>
<archive version="1.0">
  <object id="config1" type="TestConfig">
    <char>x</char>
    <uchar>y</uchar>
    <boolean>true</boolean>
    <int>-256</int>
    <uint>1024</uint>
    <long>-512</long>
    <ulong>2048</ulong>
    <int64>-123456789</int64>
    <uint64>987654321</uint64>
    <enum>ENUM1</enum>
    <flags>FLAG1, FLAG2</flags>
    <float>0.123</float>
    <double>-1.234</double>
    <string>hello</string>
    <object>
      <enum>ENUM2</enum>
    </object>
    <array>
      <TestConfig char="a" enum="ENUM3"/>
      <TestConfig char="b" flags="FLAG2,FLAG3"/>
    </array>
  </object>
</archive>